0 info it worked if it ends with ok
1 verbose cli [ '/usr/bin/node', '/usr/bin/npm', 'install', '-g', 'bower' ]
2 info using npm@1.4.28
3 info using node@v0.10.32
4 verbose node symlink /usr/bin/node
5 verbose cache add [ 'bower', null ]
6 verbose cache add name=undefined spec="bower" args=["bower",null]
7 verbose parsed url { protocol: null,
7 verbose parsed url   slashes: null,
7 verbose parsed url   auth: null,
7 verbose parsed url   host: null,
7 verbose parsed url   port: null,
7 verbose parsed url   hostname: null,
7 verbose parsed url   hash: null,
7 verbose parsed url   search: null,
7 verbose parsed url   query: null,
7 verbose parsed url   pathname: 'bower',
7 verbose parsed url   path: 'bower',
7 verbose parsed url   href: 'bower' }
8 silly lockFile 206e3ce5-bower bower
9 verbose lock bower /home/vagrant/.npm/206e3ce5-bower.lock
10 silly lockFile 206e3ce5-bower bower
11 silly lockFile 206e3ce5-bower bower
12 verbose addNamed [ 'bower', '' ]
13 verbose addNamed [ null, '*' ]
14 silly lockFile 1240aab1-bower bower@
15 verbose lock bower@ /home/vagrant/.npm/1240aab1-bower.lock
16 silly addNameRange { name: 'bower', range: '*', hasData: false }
17 verbose request where is /bower
18 verbose request registry https://registry.npmjs.org/
19 verbose request id f1c1b227cc782f78
20 verbose url raw /bower
21 verbose url resolving [ 'https://registry.npmjs.org/', './bower' ]
22 verbose url resolved https://registry.npmjs.org/bower
23 verbose request where is https://registry.npmjs.org/bower
24 info trying registry request attempt 1 at 02:36:14
25 http GET https://registry.npmjs.org/bower
26 info retry will retry, error on last attempt: Error: getaddrinfo ESRCH
27 info trying registry request attempt 2 at 02:37:05
28 http GET https://registry.npmjs.org/bower
29 info retry will retry, error on last attempt: Error: getaddrinfo ESRCH
30 info trying registry request attempt 3 at 02:38:45
31 http GET https://registry.npmjs.org/bower
32 silly lockFile 1240aab1-bower bower@
33 silly lockFile 1240aab1-bower bower@
34 error Error: getaddrinfo ESRCH
34 error     at errnoException (dns.js:37:11)
34 error     at Object.onanswer [as oncomplete] (dns.js:124:16)
35 error If you need help, you may report this *entire* log,
35 error including the npm and node versions, at:
35 error     <http://github.com/npm/npm/issues>
36 error System Linux 3.2.0-23-generic
37 error command "/usr/bin/node" "/usr/bin/npm" "install" "-g" "bower"
38 error cwd /var/www
39 error node -v v0.10.32
40 error npm -v 1.4.28
41 error syscall getaddrinfo
42 error code ESRCH
43 error errno ESRCH
44 verbose exit [ 1, true ]
